Started at Sun Aug 18 19:01:58 UTC 2019
Checking ansible-test
Checking ansible-users-db
Checking ENV
Checking job-dsl
Checking job_dsl_created
Checking maven-job
Checking my-first-job
Checking pipeline
Checking remote-task
Finished at Sun Aug 18 19:01:58 UTC 2019. 77ms
Started at Mon Aug 19 19:01:58 UTC 2019
Checking ansible-test
Checking ansible-users-db
Checking ENV
Checking job-dsl
Checking job_dsl_created
Checking maven-job
Checking my-first-job
Checking pipeline
Checking remote-task
Finished at Mon Aug 19 19:01:58 UTC 2019. 70ms
